Added Component: Designator=J?(RHDR20W64P254_2X10_2591X495X851P)
Add component (AddParameter): Name = "Arrow Part Number"; Value = "SSQ-110-01-G-D-001"; VariantName = "[No Variations]"
Add component (AddParameter): Name = "Arrow Price/Stock"; Value = ""; VariantName = "[No Variations]"
Add component (AddParameter): Name = "Datasheet Link"; Value = "http://suddendocs.samtec.com/catalog_english/ssq_th.pdf"; VariantName = "[No Variations]"
Add component (AddParameter): Name = "Height"; Value = "8.51mm"; VariantName = "[No Variations]"
Add component (AddParameter): Name = "Manufacturer_Name"; Value = "SAMTEC"; VariantName = "[No Variations]"
Add component (AddParameter): Name = "Manufacturer_Part_Number"; Value = "SSQ-110-01-G-D-001"; VariantName = "[No Variations]"
Add component (AddParameter): Name = "Mouser Part Number"; Value = "200-SSQ11001GD001"; VariantName = "[No Variations]"
Add component (AddParameter): Name = "Mouser Price/Stock"; Value = "https://www.mouser.com/Search/Refine.aspx?Keyword=200-SSQ11001GD001"; VariantName = "[No Variations]"
Added Component: Designator=J?(RHDR20W64P254_2X10_2591X495X851P)
Add component (AddParameter): Name = "Arrow Part Number"; Value = "SSQ-110-01-G-D-001"; VariantName = "[No Variations]"
Add component (AddParameter): Name = "Arrow Price/Stock"; Value = ""; VariantName = "[No Variations]"
Add component (AddParameter): Name = "Datasheet Link"; Value = "http://suddendocs.samtec.com/catalog_english/ssq_th.pdf"; VariantName = "[No Variations]"
Add component (AddParameter): Name = "Height"; Value = "8.51mm"; VariantName = "[No Variations]"
Add component (AddParameter): Name = "Manufacturer_Name"; Value = "SAMTEC"; VariantName = "[No Variations]"
Add component (AddParameter): Name = "Manufacturer_Part_Number"; Value = "SSQ-110-01-G-D-001"; VariantName = "[No Variations]"
Add component (AddParameter): Name = "Mouser Part Number"; Value = "200-SSQ11001GD001"; VariantName = "[No Variations]"
Add component (AddParameter): Name = "Mouser Price/Stock"; Value = "https://www.mouser.com/Search/Refine.aspx?Keyword=200-SSQ11001GD001"; VariantName = "[No Variations]"
Added Pin To Net: NetName=+3.3 Pin=J?-1
Added Pin To Net: NetName=+3.3 Pin=J?-15
Added Net: Name=+3.3
Added Pin To Net: NetName=+5 Pin=J?-16
Added Net: Name=+5
Added Pin To Net: NetName=GND Pin=J?-1
Added Pin To Net: NetName=GND Pin=J?-2
Added Pin To Net: NetName=GND Pin=J?-2
Added Pin To Net: NetName=GND Pin=J?-14
Added Net: Name=GND
Added Pin To Net: NetName=MPU_INT Pin=J?-8
Added Pin To Net: NetName=MPU_INT Pin=J?-15
Added Net: Name=MPU_INT
Added Pin To Net: NetName=SCL Pin=J?-3
Added Pin To Net: NetName=SCL Pin=J?-6
Added Net: Name=SCL
Added Pin To Net: NetName=SDA Pin=J?-4
Added Pin To Net: NetName=SDA Pin=J?-8
Added Net: Name=SDA
Added Class: Name=Sheet1
