Removed Pin From Net: NetName=GND Pin=J6-1
Removed Pin From Net: NetName=STEP1 Pin=J6-3
Removed Pin From Net: NetName=DIR1 Pin=J6-5
Removed Pin From Net: NetName=SCL Pin=J6-6
Removed Pin From Net: NetName=SDA Pin=J6-8
Removed Pin From Net: NetName=MPU_INT Pin=J6-10
Removed Pin From Net: NetName=GND Pin=J6-14
Removed Pin From Net: NetName=+5 Pin=J6-16
Removed Pin From Net: NetName=GND Pin=J7-2
Removed Pin From Net: NetName=VT Pin=J7-6
Removed Pin From Net: NetName=AT Pin=J7-8
Removed Pin From Net: NetName=STEP2 Pin=J7-10
Removed Pin From Net: NetName=DIR2 Pin=J7-12
Removed Pin From Net: NetName=+3.3 Pin=J7-15
Added Component: Designator=J6(RHDR20W64P254_2X10_2591X495X851P)
Add component (AddParameter): Name = "Arrow Part Number"; Value = "SSQ-110-01-G-D-001"; VariantName = "[No Variations]"
Add component (AddParameter): Name = "Arrow Price/Stock"; Value = ""; VariantName = "[No Variations]"
Add component (AddParameter): Name = "Datasheet Link"; Value = "http://suddendocs.samtec.com/catalog_english/ssq_th.pdf"; VariantName = "[No Variations]"
Add component (AddParameter): Name = "Height"; Value = "8.51mm"; VariantName = "[No Variations]"
Add component (AddParameter): Name = "Manufacturer_Name"; Value = "SAMTEC"; VariantName = "[No Variations]"
Add component (AddParameter): Name = "Manufacturer_Part_Number"; Value = "SSQ-110-01-G-D-001"; VariantName = "[No Variations]"
Add component (AddParameter): Name = "Mouser Part Number"; Value = "200-SSQ11001GD001"; VariantName = "[No Variations]"
Add component (AddParameter): Name = "Mouser Price/Stock"; Value = "https://www.mouser.com/Search/Refine.aspx?Keyword=200-SSQ11001GD001"; VariantName = "[No Variations]"
Added Component: Designator=J7(RHDR20W64P254_2X10_2591X495X851P)
Add component (AddParameter): Name = "Arrow Part Number"; Value = "SSQ-110-01-G-D-001"; VariantName = "[No Variations]"
Add component (AddParameter): Name = "Arrow Price/Stock"; Value = ""; VariantName = "[No Variations]"
Add component (AddParameter): Name = "Datasheet Link"; Value = "http://suddendocs.samtec.com/catalog_english/ssq_th.pdf"; VariantName = "[No Variations]"
Add component (AddParameter): Name = "Height"; Value = "8.51mm"; VariantName = "[No Variations]"
Add component (AddParameter): Name = "Manufacturer_Name"; Value = "SAMTEC"; VariantName = "[No Variations]"
Add component (AddParameter): Name = "Manufacturer_Part_Number"; Value = "SSQ-110-01-G-D-001"; VariantName = "[No Variations]"
Add component (AddParameter): Name = "Mouser Part Number"; Value = "200-SSQ11001GD001"; VariantName = "[No Variations]"
Add component (AddParameter): Name = "Mouser Price/Stock"; Value = "https://www.mouser.com/Search/Refine.aspx?Keyword=200-SSQ11001GD001"; VariantName = "[No Variations]"
Added Pin To Net: NetName=GND Pin=J6-2
Added Pin To Net: NetName=STEP1 Pin=J6-4
Added Pin To Net: NetName=SCL Pin=J6-5
Added Pin To Net: NetName=DIR1 Pin=J6-6
Added Pin To Net: NetName=SDA Pin=J6-7
Added Pin To Net: NetName=MPU_INT Pin=J6-9
Added Pin To Net: NetName=GND Pin=J6-13
Added Pin To Net: NetName=+5 Pin=J6-15
Added Pin To Net: NetName=GND Pin=J7-1
Added Pin To Net: NetName=VT Pin=J7-5
Added Pin To Net: NetName=AT Pin=J7-7
Added Pin To Net: NetName=STEP2 Pin=J7-9
Added Pin To Net: NetName=DIR2 Pin=J7-11
Added Pin To Net: NetName=+3.3 Pin=J7-16
